0 info it worked if it ends with ok
1 verbose cli [ 'node', '/usr/local/bin/npm', 'start' ]
2 info using npm@1.1.46
3 info using node@v0.8.5
4 verbose node symlink /usr/local/bin/node
5 verbose config file /Users/ymainier/.npmrc
6 verbose config file /usr/local/etc/npmrc
7 verbose config file /usr/local/lib/node_modules/npm/npmrc
8 verbose read json /Users/ymainier/Code/converter/package.json
9 warn package.json converter@0.0.1 No README.md file found!
10 verbose run-script [ 'prestart', 'start', 'poststart' ]
11 info prestart converter@0.0.1
12 info start converter@0.0.1
13 verbose unsafe-perm in lifecycle true
14 silly exec sh "-c" "node server.js"
15 silly sh,-c,node server.js,/Users/ymainier/Code/converter spawning
16 info converter@0.0.1 Failed to exec start script
17 error converter@0.0.1 start: `node server.js`
17 error `sh "-c" "node server.js"` failed with 1
18 error Failed at the converter@0.0.1 start script.
18 error This is most likely a problem with the converter package,
18 error not with npm itself.
18 error Tell the author that this fails on your system:
18 error     node server.js
18 error You can get their info via:
18 error     npm owner ls converter
18 error There is likely additional logging output above.
19 error System Darwin 11.4.0
20 error command "node" "/usr/local/bin/npm" "start"
21 error cwd /Users/ymainier/Code/converter
22 error node -v v0.8.5
23 error npm -v 1.1.46
24 error code ELIFECYCLE
25 verbose exit [ 1, true ]
